********************************************************************************
product = Open Liberty 23.0.0.9 (wlp-1.0.81.cl230920230904-1158)
wlp.install.dir = /Users/noerodriguez/LogsViewer-1/target/liberty/wlp/
java.home = /Library/Java/JavaVirtualMachines/ibm-semeru-open-17.jdk/Contents/Home
java.version = 17.0.8.1
java.runtime = IBM Semeru Runtime Open Edition (17.0.8.1+1)
os = Mac OS X (13.5.2; aarch64) (en_US)
process = 29455@noes-air.lan
Classpath = /Users/noerodriguez/LogsViewer-1/target/liberty/wlp/bin/tools/ws-server.jar
Java Library path = /Library/Java/JavaVirtualMachines/ibm-semeru-open-17.jdk/Contents/Home/lib/default:/Library/Java/JavaVirtualMachines/ibm-semeru-open-17.jdk/Contents/Home/lib:/usr/lib
********************************************************************************
[9/28/23, 20:34:43:582 CDT] 00000001 com.ibm.ws.kernel.launch.internal.FrameworkManager           A CWWKE0001I: The server LogsViewer has been launched.
[9/28/23, 20:34:43:748 CDT] 00000001 com.ibm.ws.kernel.launch.internal.FrameworkManager           I CWWKE0002I: The kernel started after 0.277 seconds
[9/28/23, 20:34:43:750 CDT] 00000031 com.ibm.ws.kernel.feature.internal.FeatureManager            I CWWKF0007I: Feature update started.
[9/28/23, 20:34:43:795 CDT] 00000028 com.ibm.ws.app.manager.internal.monitor.DropinMonitor        A CWWKZ0058I: Monitoring dropins for applications.
[9/28/23, 20:34:43:845 CDT] 00000037 com.ibm.ws.app.manager.AppMessageHelper                      W CWWKZ0014W: The application LogsViewer* could not be started as it could not be found at location LogsViewer*.jar.
[9/28/23, 20:34:43:848 CDT] 00000031 com.ibm.ws.tcpchannel.internal.TCPPort                       I CWWKO0219I: TCP Channel defaultHttpEndpoint has been started and is now listening for requests on host *  (IPv6) port 9080.
[9/28/23, 20:34:43:849 CDT] 00000031 com.ibm.ws.kernel.feature.internal.FeatureManager            A CWWKF0012I: The server installed the following features: [servlet-6.0, springBoot-3.0].
[9/28/23, 20:34:43:850 CDT] 00000031 com.ibm.ws.kernel.feature.internal.FeatureManager            I CWWKF0008I: Feature update completed in 0.102 seconds.
[9/28/23, 20:34:43:850 CDT] 00000031 com.ibm.ws.kernel.feature.internal.FeatureManager            A CWWKF0011I: The LogsViewer server is ready to run a smarter planet. The LogsViewer server started in 0.380 seconds.
[9/28/23, 20:35:21:537 CDT] 00000043 com.ibm.ws.config.xml.internal.ConfigRefresher               A CWWKG0016I: Starting server configuration update.
[9/28/23, 20:35:21:550 CDT] 00000043 com.ibm.ws.config.xml.internal.ConfigRefresher               A CWWKG0017I: The server configuration was successfully updated in 0.014 seconds.
[9/28/23, 20:35:21:557 CDT] 0000003a com.ibm.ws.app.manager.AppMessageHelper                      I CWWKZ0018I: Starting application LogsViewer-0.0.1-SNAPSHOT.
[9/28/23, 20:35:21:897 CDT] 0000003a com.ibm.ws.session.WASSessionCore                            I SESN8501I: The session manager did not find a persistent storage location; HttpSession objects will be stored in the local application server's memory.
[9/28/23, 20:35:22:263 CDT] 0000003e com.ibm.ws.config.xml.internal.ConfigRefresher               A CWWKG0016I: Starting server configuration update.
[9/28/23, 20:35:22:264 CDT] 0000003e com.ibm.ws.config.xml.internal.ConfigRefresher               A CWWKG0018I: The server configuration was not updated. No functional changes were detected.
[9/28/23, 20:35:22:656 CDT] 0000003c SystemOut                                                    O   .   ____          _            __ _ _
[9/28/23, 20:35:22:656 CDT] 0000003c SystemOut                                                    O  /\\ / ___'_ __ _ _(_)_ __  __ _ \ \ \ \
[9/28/23, 20:35:22:656 CDT] 0000003c SystemOut                                                    O ( ( )\___ | '_ | '_| | '_ \/ _` | \ \ \ \
[9/28/23, 20:35:22:656 CDT] 0000003c SystemOut                                                    O  \\/  ___)| |_)| | | | | || (_| |  ) ) ) )
[9/28/23, 20:35:22:657 CDT] 0000003c SystemOut                                                    O   '  |____| .__|_| |_|_| |_\__, | / / / /
[9/28/23, 20:35:22:657 CDT] 0000003c SystemOut                                                    O  =========|_|==============|___/=/_/_/_/
[9/28/23, 20:35:22:658 CDT] 0000003c SystemOut                                                    O  :: Spring Boot ::                (v3.1.4)
[9/28/23, 20:35:22:763 CDT] 0000003c SystemOut                                                    O 2023-09-28T20:35:22.762-05:00  INFO 29455 --- [ecutor-thread-7] u.w.e.a.l.LogsViewerApplication          : Starting LogsViewerApplication using Java 17.0.8.1 with PID 29455 (/Users/noerodriguez/LogsViewer-1/target/liberty/wlp/usr/servers/LogsViewer/workarea/spring/spring.thin.apps/LogsViewer-0.0.1-SNAPSHOT.spring started by noerodriguez in /Users/noerodriguez/LogsViewer-1/target/liberty/wlp/usr/servers/LogsViewer)
[9/28/23, 20:35:22:764 CDT] 0000003c SystemOut                                                    O 2023-09-28T20:35:22.764-05:00  INFO 29455 --- [ecutor-thread-7] u.w.e.a.l.LogsViewerApplication          : No active profile set, falling back to 1 default profile: "default"
[9/28/23, 20:35:23:790 CDT] 0000003c com.ibm.ws.webcontainer.osgi.webapp.WebGroup                 I SRVE0169I: Loading Web Module: 0-0.
[9/28/23, 20:35:23:792 CDT] 0000003c com.ibm.ws.webcontainer                                      I SRVE0250I: Web Module 0-0 has been bound to default_host.
[9/28/23, 20:35:23:792 CDT] 0000003c com.ibm.ws.http.internal.VirtualHostImpl                     A CWWKT0016I: Web application available (default_host): http://noes-air.lan:9080/LogsViewer/
[9/28/23, 20:35:23:822 CDT] 00000044 com.ibm.ws.session.WASSessionCore                            I SESN0176I: A new session context will be created for application key default_host/LogsViewer
[9/28/23, 20:35:23:827 CDT] 00000044 com.ibm.ws.util                                              I SESN0172I: The session manager is using the Java default SecureRandom implementation for session ID generation.
[9/28/23, 20:35:23:841 CDT] 00000044 com.ibm.ws.webcontainer.webapp                               I SRVE0292I: Servlet Message - [0-0]:.Initializing Spring embedded WebApplicationContext
[9/28/23, 20:35:23:842 CDT] 00000044 SystemOut                                                    O 2023-09-28T20:35:23.842-05:00  INFO 29455 --- [cutor-thread-15] w.s.c.ServletWebServerApplicationContext : Root WebApplicationContext: initialization completed in 1017 ms
[9/28/23, 20:35:24:041 CDT] 0000003c SystemOut                                                    O 2023-09-28T20:35:24.041-05:00  INFO 29455 --- [ecutor-thread-7] o.s.b.a.w.s.WelcomePageHandlerMapping    : Adding welcome page template: index
[9/28/23, 20:35:24:220 CDT] 0000003c SystemOut                                                    O 2023-09-28T20:35:24.220-05:00  INFO 29455 --- [ecutor-thread-7] u.w.e.a.l.LogsViewerApplication          : Started LogsViewerApplication in 1.878 seconds (process running for 40.8)
[9/28/23, 20:35:24:223 CDT] 0000003a com.ibm.ws.app.manager.AppMessageHelper                      A CWWKZ0001I: Application LogsViewer-0.0.1-SNAPSHOT started in 2.666 seconds.
[9/28/23, 20:35:24:402 CDT] 00000045 com.ibm.ws.webcontainer.osgi.mbeans.PluginGenerator          I SRVE9103I: A configuration file for a web server plugin was automatically generated for this server at /Users/noerodriguez/LogsViewer-1/target/liberty/wlp/usr/servers/LogsViewer/logs/state/plugin-cfg.xml.
[9/28/23, 20:35:33:499 CDT] 00000021 com.ibm.ws.kernel.launch.internal.ServerCommandListener      A CWWKE0055I: Server shutdown requested on Thursday, September 28, 2023 at 8:35 PM. The server LogsViewer is shutting down.
[9/28/23, 20:35:33:501 CDT] 0000004e com.ibm.ws.runtime.update.internal.RuntimeUpdateManagerImpl  A CWWKE1100I: Waiting for up to 30 seconds for the server to quiesce.
[9/28/23, 20:35:33:502 CDT] 0000003d com.ibm.ws.tcpchannel.internal.TCPChannel                    I CWWKO0220I: TCP Channel defaultHttpEndpoint has stopped listening for requests on host *  (IPv6) port 9080.
[9/28/23, 20:35:33:502 CDT] 0000003d com.ibm.ws.http.internal.VirtualHostImpl                     A CWWKT0017I: Web application removed (default_host): http://noes-air.lan:9080/LogsViewer/
[9/28/23, 20:35:34:504 CDT] 0000004e com.ibm.ws.runtime.update.internal.RuntimeUpdateManagerImpl  I CWWKE1101I: Server quiesce complete.
[9/28/23, 20:35:34:546 CDT] 0000003e com.ibm.ws.app.manager.AppMessageHelper                      A CWWKZ0009I: The application LogsViewer-0.0.1-SNAPSHOT has stopped successfully.
[9/28/23, 20:35:34:625 CDT] 00000001 com.ibm.ws.kernel.launch.internal.FrameworkManager           A CWWKE0036I: The server LogsViewer stopped after 51.157 seconds.
