********************************************************************************
product = Open Liberty 23.0.0.9 (wlp-1.0.81.cl230920230904-1158)
wlp.install.dir = /Users/noerodriguez/LogsViewer-1/target/liberty/wlp/
java.home = /Library/Java/JavaVirtualMachines/ibm-semeru-open-17.jdk/Contents/Home
java.version = 17.0.8.1
java.runtime = IBM Semeru Runtime Open Edition (17.0.8.1+1)
os = Mac OS X (13.5.2; aarch64) (en_US)
process = 30195@noes-air.lan
Classpath = /Users/noerodriguez/LogsViewer-1/target/liberty/wlp/bin/tools/ws-server.jar
Java Library path = /Library/Java/JavaVirtualMachines/ibm-semeru-open-17.jdk/Contents/Home/lib/default:/Library/Java/JavaVirtualMachines/ibm-semeru-open-17.jdk/Contents/Home/lib:/usr/lib
********************************************************************************
[9/28/23, 20:40:59:861 CDT] 00000001 com.ibm.ws.kernel.launch.internal.FrameworkManager           A CWWKE0001I: The server LogsViewer has been launched.
[9/28/23, 20:40:59:991 CDT] 00000001 com.ibm.ws.kernel.launch.internal.FrameworkManager           I CWWKE0002I: The kernel started after 0.238 seconds
[9/28/23, 20:40:59:993 CDT] 00000032 com.ibm.ws.kernel.feature.internal.FeatureManager            I CWWKF0007I: Feature update started.
[9/28/23, 20:41:00:031 CDT] 00000027 com.ibm.ws.app.manager.internal.monitor.DropinMonitor        A CWWKZ0058I: Monitoring dropins for applications.
[9/28/23, 20:41:00:073 CDT] 00000038 com.ibm.ws.app.manager.AppMessageHelper                      I CWWKZ0018I: Starting application LogsViewer-0.0.1-SNAPSHOT.
[9/28/23, 20:41:00:114 CDT] 00000038 com.ibm.ws.session.WASSessionCore                            I SESN8501I: The session manager did not find a persistent storage location; HttpSession objects will be stored in the local application server's memory.
[9/28/23, 20:41:00:305 CDT] 0000003c SystemOut                                                    O   .   ____          _            __ _ _
[9/28/23, 20:41:00:305 CDT] 0000003c SystemOut                                                    O  /\\ / ___'_ __ _ _(_)_ __  __ _ \ \ \ \
[9/28/23, 20:41:00:305 CDT] 0000003c SystemOut                                                    O ( ( )\___ | '_ | '_| | '_ \/ _` | \ \ \ \
[9/28/23, 20:41:00:307 CDT] 0000003c SystemOut                                                    O  \\/  ___)| |_)| | | | | || (_| |  ) ) ) )
[9/28/23, 20:41:00:308 CDT] 0000003c SystemOut                                                    O   '  |____| .__|_| |_|_| |_\__, | / / / /
[9/28/23, 20:41:00:308 CDT] 0000003c SystemOut                                                    O  =========|_|==============|___/=/_/_/_/
[9/28/23, 20:41:00:308 CDT] 0000003c SystemOut                                                    O  :: Spring Boot ::                (v3.1.4)
[9/28/23, 20:41:00:334 CDT] 0000003c SystemOut                                                    O 2023-09-28T20:41:00.334-05:00  INFO 30195 --- [ecutor-thread-4] u.w.e.a.l.LogsViewerApplication          : Starting LogsViewerApplication using Java 17.0.8.1 with PID 30195 (/Users/noerodriguez/LogsViewer-1/target/liberty/wlp/usr/servers/LogsViewer/workarea/spring/spring.thin.apps/LogsViewer-0.0.1-SNAPSHOT.spring started by noerodriguez in /Users/noerodriguez/LogsViewer-1/target/liberty/wlp/usr/servers/LogsViewer)
[9/28/23, 20:41:00:334 CDT] 0000003c SystemOut                                                    O 2023-09-28T20:41:00.334-05:00  INFO 30195 --- [ecutor-thread-4] u.w.e.a.l.LogsViewerApplication          : No active profile set, falling back to 1 default profile: "default"
[9/28/23, 20:41:00:694 CDT] 0000003c com.ibm.ws.webcontainer.osgi.webapp.WebGroup                 I SRVE0169I: Loading Web Module: 0-0.
[9/28/23, 20:41:00:695 CDT] 0000003c com.ibm.ws.webcontainer                                      I SRVE0250I: Web Module 0-0 has been bound to default_host.
[9/28/23, 20:41:00:695 CDT] 0000003c com.ibm.ws.http.internal.VirtualHostImpl                     A CWWKT0016I: Web application available (default_host): http://noes-air.lan:9080/LogsViewer/
[9/28/23, 20:41:00:703 CDT] 00000049 com.ibm.ws.session.WASSessionCore                            I SESN0176I: A new session context will be created for application key default_host/LogsViewer
[9/28/23, 20:41:00:704 CDT] 00000049 com.ibm.ws.util                                              I SESN0172I: The session manager is using the Java default SecureRandom implementation for session ID generation.
[9/28/23, 20:41:00:727 CDT] 00000049 com.ibm.ws.webcontainer.webapp                               I SRVE0292I: Servlet Message - [0-0]:.Initializing Spring embedded WebApplicationContext
[9/28/23, 20:41:00:728 CDT] 00000049 SystemOut                                                    O 2023-09-28T20:41:00.728-05:00  INFO 30195 --- [cutor-thread-13] w.s.c.ServletWebServerApplicationContext : Root WebApplicationContext: initialization completed in 373 ms
[9/28/23, 20:41:00:792 CDT] 0000003c SystemOut                                                    O 2023-09-28T20:41:00.792-05:00  INFO 30195 --- [ecutor-thread-4] o.s.b.a.w.s.WelcomePageHandlerMapping    : Adding welcome page template: index
[9/28/23, 20:41:00:863 CDT] 0000003c SystemOut                                                    O 2023-09-28T20:41:00.863-05:00  INFO 30195 --- [ecutor-thread-4] u.w.e.a.l.LogsViewerApplication          : Started LogsViewerApplication in 0.649 seconds (process running for 1.156)
[9/28/23, 20:41:00:864 CDT] 00000038 com.ibm.ws.app.manager.AppMessageHelper                      A CWWKZ0001I: Application LogsViewer-0.0.1-SNAPSHOT started in 0.791 seconds.
[9/28/23, 20:41:00:869 CDT] 00000032 com.ibm.ws.tcpchannel.internal.TCPPort                       I CWWKO0219I: TCP Channel defaultHttpEndpoint has been started and is now listening for requests on host *  (IPv6) port 9080.
[9/28/23, 20:41:00:871 CDT] 00000032 com.ibm.ws.kernel.feature.internal.FeatureManager            A CWWKF0012I: The server installed the following features: [servlet-6.0, springBoot-3.0].
[9/28/23, 20:41:00:871 CDT] 00000032 com.ibm.ws.kernel.feature.internal.FeatureManager            I CWWKF0008I: Feature update completed in 0.880 seconds.
[9/28/23, 20:41:00:871 CDT] 00000032 com.ibm.ws.kernel.feature.internal.FeatureManager            A CWWKF0011I: The LogsViewer server is ready to run a smarter planet. The LogsViewer server started in 1.118 seconds.
[9/28/23, 20:41:00:875 CDT] 0000004a com.ibm.ws.webcontainer.osgi.mbeans.PluginGenerator          I SRVE9103I: A configuration file for a web server plugin was automatically generated for this server at /Users/noerodriguez/LogsViewer-1/target/liberty/wlp/usr/servers/LogsViewer/logs/state/plugin-cfg.xml.
[9/28/23, 20:41:08:457 CDT] 00000048 com.ibm.ws.webcontainer.webapp                               I SRVE0292I: Servlet Message - [0-0]:.Initializing Spring DispatcherServlet 'dispatcherServlet'
[9/28/23, 20:41:08:458 CDT] 00000048 SystemOut                                                    O 2023-09-28T20:41:08.458-05:00  INFO 30195 --- [cutor-thread-12] o.s.web.servlet.DispatcherServlet        : Initializing Servlet 'dispatcherServlet'
[9/28/23, 20:41:08:460 CDT] 00000048 SystemOut                                                    O 2023-09-28T20:41:08.460-05:00  INFO 30195 --- [cutor-thread-12] o.s.web.servlet.DispatcherServlet        : Completed initialization in 1 ms
[9/28/23, 20:41:08:460 CDT] 00000048 com.ibm.ws.webcontainer.servlet                              I SRVE0242I: [LogsViewer-0.0.1-SNAPSHOT] [/LogsViewer] [dispatcherServlet]: Initialization successful.
[9/28/23, 20:43:36:421 CDT] 00000032 com.ibm.ws.http.internal.VirtualHostImpl                     A CWWKT0017I: Web application removed (default_host): http://noes-air.lan:9080/LogsViewer/
[9/28/23, 20:43:36:424 CDT] 00000032 com.ibm.ws.webcontainer.webapp                               I SRVE0292I: Servlet Message - [0-0]:.Destroying Spring FrameworkServlet 'dispatcherServlet'
[9/28/23, 20:43:36:424 CDT] 00000032 com.ibm.ws.webcontainer.servlet                              I SRVE0253I: [LogsViewer-0.0.1-SNAPSHOT] [/LogsViewer] [dispatcherServlet]: Destroy successful.
[9/28/23, 20:43:36:441 CDT] 00000032 com.ibm.ws.app.manager.AppMessageHelper                      A CWWKZ0009I: The application LogsViewer-0.0.1-SNAPSHOT has stopped successfully.
[9/28/23, 20:43:36:444 CDT] 00000032 com.ibm.ws.app.manager.AppMessageHelper                      I CWWKZ0018I: Starting application LogsViewer-0.0.1-SNAPSHOT.
[9/28/23, 20:43:36:619 CDT] 00000045 com.ibm.ws.webcontainer.osgi.mbeans.PluginGenerator          I SRVE9103I: A configuration file for a web server plugin was automatically generated for this server at /Users/noerodriguez/LogsViewer-1/target/liberty/wlp/usr/servers/LogsViewer/logs/state/plugin-cfg.xml.
[9/28/23, 20:43:36:717 CDT] 00000038 SystemOut                                                    O   .   ____          _            __ _ _
[9/28/23, 20:43:36:717 CDT] 00000038 SystemOut                                                    O  /\\ / ___'_ __ _ _(_)_ __  __ _ \ \ \ \
[9/28/23, 20:43:36:717 CDT] 00000038 SystemOut                                                    O ( ( )\___ | '_ | '_| | '_ \/ _` | \ \ \ \
[9/28/23, 20:43:36:717 CDT] 00000038 SystemOut                                                    O  \\/  ___)| |_)| | | | | || (_| |  ) ) ) )
[9/28/23, 20:43:36:717 CDT] 00000038 SystemOut                                                    O   '  |____| .__|_| |_|_| |_\__, | / / / /
[9/28/23, 20:43:36:718 CDT] 00000038 SystemOut                                                    O  =========|_|==============|___/=/_/_/_/
[9/28/23, 20:43:36:718 CDT] 00000038 SystemOut                                                    O  :: Spring Boot ::                (v3.1.4)
[9/28/23, 20:43:36:738 CDT] 00000038 SystemOut                                                    O 2023-09-28T20:43:36.737-05:00  INFO 30195 --- [ecutor-thread-3] u.w.e.a.l.LogsViewerApplication          : Starting LogsViewerApplication using Java 17.0.8.1 with PID 30195 (/Users/noerodriguez/LogsViewer-1/target/liberty/wlp/usr/servers/LogsViewer/workarea/spring/spring.thin.apps/LogsViewer-0.0.1-SNAPSHOT.spring started by noerodriguez in /Users/noerodriguez/LogsViewer-1/target/liberty/wlp/usr/servers/LogsViewer)
[9/28/23, 20:43:36:738 CDT] 00000038 SystemOut                                                    O 2023-09-28T20:43:36.738-05:00  INFO 30195 --- [ecutor-thread-3] u.w.e.a.l.LogsViewerApplication          : No active profile set, falling back to 1 default profile: "default"
[9/28/23, 20:43:37:121 CDT] 00000038 com.ibm.ws.webcontainer.osgi.webapp.WebGroup                 I SRVE0169I: Loading Web Module: 1-0.
[9/28/23, 20:43:37:121 CDT] 00000038 com.ibm.ws.webcontainer                                      I SRVE0250I: Web Module 1-0 has been bound to default_host.
[9/28/23, 20:43:37:122 CDT] 00000038 com.ibm.ws.http.internal.VirtualHostImpl                     A CWWKT0016I: Web application available (default_host): http://noes-air.lan:9080/LogsViewer/
[9/28/23, 20:43:37:123 CDT] 00000048 com.ibm.ws.session.WASSessionCore                            I SESN0176I: A new session context will be created for application key default_host/LogsViewer
[9/28/23, 20:43:37:124 CDT] 00000048 com.ibm.ws.util                                              I SESN0172I: The session manager is using the Java default SecureRandom implementation for session ID generation.
[9/28/23, 20:43:37:127 CDT] 00000048 com.ibm.ws.webcontainer.webapp                               I SRVE0292I: Servlet Message - [1-0]:.Initializing Spring embedded WebApplicationContext
[9/28/23, 20:43:37:127 CDT] 00000048 SystemOut                                                    O 2023-09-28T20:43:37.127-05:00  INFO 30195 --- [cutor-thread-12] w.s.c.ServletWebServerApplicationContext : Root WebApplicationContext: initialization completed in 364 ms
[9/28/23, 20:43:37:217 CDT] 00000038 SystemOut                                                    O 2023-09-28T20:43:37.217-05:00  INFO 30195 --- [ecutor-thread-3] o.s.b.a.w.s.WelcomePageHandlerMapping    : Adding welcome page template: index
[9/28/23, 20:43:37:281 CDT] 00000038 SystemOut                                                    O 2023-09-28T20:43:37.281-05:00  INFO 30195 --- [ecutor-thread-3] u.w.e.a.l.LogsViewerApplication          : Started LogsViewerApplication in 0.651 seconds (process running for 157.574)
[9/28/23, 20:43:37:282 CDT] 00000032 com.ibm.ws.app.manager.AppMessageHelper                      A CWWKZ0003I: The application LogsViewer-0.0.1-SNAPSHOT updated in 0.838 seconds.
[9/28/23, 20:43:37:293 CDT] 0000004a com.ibm.ws.webcontainer.osgi.mbeans.PluginGenerator          I SRVE9103I: A configuration file for a web server plugin was automatically generated for this server at /Users/noerodriguez/LogsViewer-1/target/liberty/wlp/usr/servers/LogsViewer/logs/state/plugin-cfg.xml.
[9/28/23, 20:43:41:239 CDT] 00000043 com.ibm.ws.webcontainer.webapp                               I SRVE0292I: Servlet Message - [1-0]:.Initializing Spring DispatcherServlet 'dispatcherServlet'
[9/28/23, 20:43:41:240 CDT] 00000043 SystemOut                                                    O 2023-09-28T20:43:41.239-05:00  INFO 30195 --- [ecutor-thread-7] o.s.web.servlet.DispatcherServlet        : Initializing Servlet 'dispatcherServlet'
[9/28/23, 20:43:41:241 CDT] 00000043 SystemOut                                                    O 2023-09-28T20:43:41.241-05:00  INFO 30195 --- [ecutor-thread-7] o.s.web.servlet.DispatcherServlet        : Completed initialization in 1 ms
[9/28/23, 20:43:41:242 CDT] 00000043 com.ibm.ws.webcontainer.servlet                              I SRVE0242I: [LogsViewer-0.0.1-SNAPSHOT] [/LogsViewer] [dispatcherServlet]: Initialization successful.
[9/28/23, 20:44:35:608 CDT] 00000032 com.ibm.ws.http.internal.VirtualHostImpl                     A CWWKT0017I: Web application removed (default_host): http://noes-air.lan:9080/LogsViewer/
[9/28/23, 20:44:35:610 CDT] 00000032 com.ibm.ws.webcontainer.webapp                               I SRVE0292I: Servlet Message - [1-0]:.Destroying Spring FrameworkServlet 'dispatcherServlet'
[9/28/23, 20:44:35:610 CDT] 00000032 com.ibm.ws.webcontainer.servlet                              I SRVE0253I: [LogsViewer-0.0.1-SNAPSHOT] [/LogsViewer] [dispatcherServlet]: Destroy successful.
[9/28/23, 20:44:35:617 CDT] 00000032 com.ibm.ws.app.manager.AppMessageHelper                      A CWWKZ0009I: The application LogsViewer-0.0.1-SNAPSHOT has stopped successfully.
[9/28/23, 20:44:35:619 CDT] 00000032 com.ibm.ws.app.manager.AppMessageHelper                      I CWWKZ0018I: Starting application LogsViewer-0.0.1-SNAPSHOT.
[9/28/23, 20:44:35:658 CDT] 00000046 com.ibm.ws.webcontainer.osgi.mbeans.PluginGenerator          I SRVE9103I: A configuration file for a web server plugin was automatically generated for this server at /Users/noerodriguez/LogsViewer-1/target/liberty/wlp/usr/servers/LogsViewer/logs/state/plugin-cfg.xml.
[9/28/23, 20:44:36:066 CDT] 00000044 SystemOut                                                    O   .   ____          _            __ _ _
[9/28/23, 20:44:36:067 CDT] 00000044 SystemOut                                                    O  /\\ / ___'_ __ _ _(_)_ __  __ _ \ \ \ \
[9/28/23, 20:44:36:077 CDT] 00000044 SystemOut                                                    O ( ( )\___ | '_ | '_| | '_ \/ _` | \ \ \ \
[9/28/23, 20:44:36:077 CDT] 00000044 SystemOut                                                    O  \\/  ___)| |_)| | | | | || (_| |  ) ) ) )
[9/28/23, 20:44:36:077 CDT] 00000044 SystemOut                                                    O   '  |____| .__|_| |_|_| |_\__, | / / / /
[9/28/23, 20:44:36:078 CDT] 00000044 SystemOut                                                    O  =========|_|==============|___/=/_/_/_/
[9/28/23, 20:44:36:078 CDT] 00000044 SystemOut                                                    O  :: Spring Boot ::                (v3.1.4)
[9/28/23, 20:44:36:180 CDT] 00000044 SystemOut                                                    O 2023-09-28T20:44:36.180-05:00  INFO 30195 --- [ecutor-thread-8] u.w.e.a.l.LogsViewerApplication          : Starting LogsViewerApplication using Java 17.0.8.1 with PID 30195 (/Users/noerodriguez/LogsViewer-1/target/liberty/wlp/usr/servers/LogsViewer/workarea/spring/spring.thin.apps/LogsViewer-0.0.1-SNAPSHOT.spring started by noerodriguez in /Users/noerodriguez/LogsViewer-1/target/liberty/wlp/usr/servers/LogsViewer)
[9/28/23, 20:44:36:182 CDT] 00000044 SystemOut                                                    O 2023-09-28T20:44:36.181-05:00  INFO 30195 --- [ecutor-thread-8] u.w.e.a.l.LogsViewerApplication          : No active profile set, falling back to 1 default profile: "default"
[9/28/23, 20:44:36:737 CDT] 00000044 com.ibm.ws.webcontainer.osgi.webapp.WebGroup                 I SRVE0169I: Loading Web Module: 2-0.
[9/28/23, 20:44:36:737 CDT] 00000044 com.ibm.ws.webcontainer                                      I SRVE0250I: Web Module 2-0 has been bound to default_host.
[9/28/23, 20:44:36:737 CDT] 00000044 com.ibm.ws.http.internal.VirtualHostImpl                     A CWWKT0016I: Web application available (default_host): http://noes-air.lan:9080/LogsViewer/
[9/28/23, 20:44:36:739 CDT] 0000003c com.ibm.ws.session.WASSessionCore                            I SESN0176I: A new session context will be created for application key default_host/LogsViewer
[9/28/23, 20:44:36:739 CDT] 0000003c com.ibm.ws.util                                              I SESN0172I: The session manager is using the Java default SecureRandom implementation for session ID generation.
[9/28/23, 20:44:36:743 CDT] 0000003c com.ibm.ws.webcontainer.webapp                               I SRVE0292I: Servlet Message - [2-0]:.Initializing Spring embedded WebApplicationContext
[9/28/23, 20:44:36:743 CDT] 0000003c SystemOut                                                    O 2023-09-28T20:44:36.743-05:00  INFO 30195 --- [ecutor-thread-4] w.s.c.ServletWebServerApplicationContext : Root WebApplicationContext: initialization completed in 526 ms
[9/28/23, 20:44:36:812 CDT] 00000044 SystemOut                                                    O 2023-09-28T20:44:36.812-05:00  INFO 30195 --- [ecutor-thread-8] o.s.b.a.w.s.WelcomePageHandlerMapping    : Adding welcome page template: index
[9/28/23, 20:44:36:873 CDT] 00000044 SystemOut                                                    O 2023-09-28T20:44:36.873-05:00  INFO 30195 --- [ecutor-thread-8] u.w.e.a.l.LogsViewerApplication          : Started LogsViewerApplication in 0.977 seconds (process running for 217.166)
[9/28/23, 20:44:36:874 CDT] 00000032 com.ibm.ws.app.manager.AppMessageHelper                      A CWWKZ0003I: The application LogsViewer-0.0.1-SNAPSHOT updated in 1.255 seconds.
[9/28/23, 20:44:36:886 CDT] 00000034 com.ibm.ws.webcontainer.osgi.mbeans.PluginGenerator          I SRVE9103I: A configuration file for a web server plugin was automatically generated for this server at /Users/noerodriguez/LogsViewer-1/target/liberty/wlp/usr/servers/LogsViewer/logs/state/plugin-cfg.xml.
[9/28/23, 20:44:38:180 CDT] 00000047 com.ibm.ws.webcontainer.webapp                               I SRVE0292I: Servlet Message - [2-0]:.Initializing Spring DispatcherServlet 'dispatcherServlet'
[9/28/23, 20:44:38:181 CDT] 00000047 SystemOut                                                    O 2023-09-28T20:44:38.181-05:00  INFO 30195 --- [cutor-thread-11] o.s.web.servlet.DispatcherServlet        : Initializing Servlet 'dispatcherServlet'
[9/28/23, 20:44:38:183 CDT] 00000047 SystemOut                                                    O 2023-09-28T20:44:38.183-05:00  INFO 30195 --- [cutor-thread-11] o.s.web.servlet.DispatcherServlet        : Completed initialization in 1 ms
[9/28/23, 20:44:38:183 CDT] 00000047 com.ibm.ws.webcontainer.servlet                              I SRVE0242I: [LogsViewer-0.0.1-SNAPSHOT] [/LogsViewer] [dispatcherServlet]: Initialization successful.
[9/28/23, 20:45:42:778 CDT] 00000045 com.ibm.ws.http.internal.VirtualHostImpl                     A CWWKT0017I: Web application removed (default_host): http://noes-air.lan:9080/LogsViewer/
[9/28/23, 20:45:42:781 CDT] 00000045 com.ibm.ws.webcontainer.webapp                               I SRVE0292I: Servlet Message - [2-0]:.Destroying Spring FrameworkServlet 'dispatcherServlet'
[9/28/23, 20:45:42:781 CDT] 00000045 com.ibm.ws.webcontainer.servlet                              I SRVE0253I: [LogsViewer-0.0.1-SNAPSHOT] [/LogsViewer] [dispatcherServlet]: Destroy successful.
[9/28/23, 20:45:42:787 CDT] 00000045 com.ibm.ws.app.manager.AppMessageHelper                      A CWWKZ0009I: The application LogsViewer-0.0.1-SNAPSHOT has stopped successfully.
[9/28/23, 20:45:42:790 CDT] 00000045 com.ibm.ws.app.manager.AppMessageHelper                      I CWWKZ0018I: Starting application LogsViewer-0.0.1-SNAPSHOT.
[9/28/23, 20:45:42:829 CDT] 00000049 com.ibm.ws.webcontainer.osgi.mbeans.PluginGenerator          I SRVE9103I: A configuration file for a web server plugin was automatically generated for this server at /Users/noerodriguez/LogsViewer-1/target/liberty/wlp/usr/servers/LogsViewer/logs/state/plugin-cfg.xml.
[9/28/23, 20:45:43:088 CDT] 00000032 SystemOut                                                    O   .   ____          _            __ _ _
[9/28/23, 20:45:43:088 CDT] 00000032 SystemOut                                                    O  /\\ / ___'_ __ _ _(_)_ __  __ _ \ \ \ \
[9/28/23, 20:45:43:088 CDT] 00000032 SystemOut                                                    O ( ( )\___ | '_ | '_| | '_ \/ _` | \ \ \ \
[9/28/23, 20:45:43:088 CDT] 00000032 SystemOut                                                    O  \\/  ___)| |_)| | | | | || (_| |  ) ) ) )
[9/28/23, 20:45:43:088 CDT] 00000032 SystemOut                                                    O   '  |____| .__|_| |_|_| |_\__, | / / / /
[9/28/23, 20:45:43:089 CDT] 00000032 SystemOut                                                    O  =========|_|==============|___/=/_/_/_/
[9/28/23, 20:45:43:089 CDT] 00000032 SystemOut                                                    O  :: Spring Boot ::                (v3.1.4)
[9/28/23, 20:45:43:169 CDT] 00000032 SystemOut                                                    O 2023-09-28T20:45:43.168-05:00  INFO 30195 --- [ecutor-thread-1] u.w.e.a.l.LogsViewerApplication          : Starting LogsViewerApplication using Java 17.0.8.1 with PID 30195 (/Users/noerodriguez/LogsViewer-1/target/liberty/wlp/usr/servers/LogsViewer/workarea/spring/spring.thin.apps/LogsViewer-0.0.1-SNAPSHOT.spring started by noerodriguez in /Users/noerodriguez/LogsViewer-1/target/liberty/wlp/usr/servers/LogsViewer)
[9/28/23, 20:45:43:170 CDT] 00000032 SystemOut                                                    O 2023-09-28T20:45:43.170-05:00  INFO 30195 --- [ecutor-thread-1] u.w.e.a.l.LogsViewerApplication          : No active profile set, falling back to 1 default profile: "default"
[9/28/23, 20:45:43:596 CDT] 00000032 com.ibm.ws.webcontainer.osgi.webapp.WebGroup                 I SRVE0169I: Loading Web Module: 3-0.
[9/28/23, 20:45:43:596 CDT] 00000032 com.ibm.ws.webcontainer                                      I SRVE0250I: Web Module 3-0 has been bound to default_host.
[9/28/23, 20:45:43:596 CDT] 00000032 com.ibm.ws.http.internal.VirtualHostImpl                     A CWWKT0016I: Web application available (default_host): http://noes-air.lan:9080/LogsViewer/
[9/28/23, 20:45:43:597 CDT] 0000004b com.ibm.ws.session.WASSessionCore                            I SESN0176I: A new session context will be created for application key default_host/LogsViewer
[9/28/23, 20:45:43:598 CDT] 0000004b com.ibm.ws.util                                              I SESN0172I: The session manager is using the Java default SecureRandom implementation for session ID generation.
[9/28/23, 20:45:43:601 CDT] 0000004b com.ibm.ws.webcontainer.webapp                               I SRVE0292I: Servlet Message - [3-0]:.Initializing Spring embedded WebApplicationContext
[9/28/23, 20:45:43:601 CDT] 0000004b SystemOut                                                    O 2023-09-28T20:45:43.601-05:00  INFO 30195 --- [cutor-thread-15] w.s.c.ServletWebServerApplicationContext : Root WebApplicationContext: initialization completed in 382 ms
[9/28/23, 20:45:43:669 CDT] 00000032 SystemOut                                                    O 2023-09-28T20:45:43.669-05:00  INFO 30195 --- [ecutor-thread-1] o.s.b.a.w.s.WelcomePageHandlerMapping    : Adding welcome page template: index
[9/28/23, 20:45:43:731 CDT] 00000032 SystemOut                                                    O 2023-09-28T20:45:43.731-05:00  INFO 30195 --- [ecutor-thread-1] u.w.e.a.l.LogsViewerApplication          : Started LogsViewerApplication in 0.751 seconds (process running for 284.024)
[9/28/23, 20:45:43:732 CDT] 00000045 com.ibm.ws.app.manager.AppMessageHelper                      A CWWKZ0003I: The application LogsViewer-0.0.1-SNAPSHOT updated in 0.941 seconds.
[9/28/23, 20:45:43:743 CDT] 0000004c com.ibm.ws.webcontainer.osgi.mbeans.PluginGenerator          I SRVE9103I: A configuration file for a web server plugin was automatically generated for this server at /Users/noerodriguez/LogsViewer-1/target/liberty/wlp/usr/servers/LogsViewer/logs/state/plugin-cfg.xml.
[9/28/23, 20:45:45:383 CDT] 00000045 com.ibm.ws.webcontainer.webapp                               I SRVE0292I: Servlet Message - [3-0]:.Initializing Spring DispatcherServlet 'dispatcherServlet'
[9/28/23, 20:45:45:384 CDT] 00000045 SystemOut                                                    O 2023-09-28T20:45:45.384-05:00  INFO 30195 --- [ecutor-thread-9] o.s.web.servlet.DispatcherServlet        : Initializing Servlet 'dispatcherServlet'
[9/28/23, 20:45:45:388 CDT] 00000045 SystemOut                                                    O 2023-09-28T20:45:45.388-05:00  INFO 30195 --- [ecutor-thread-9] o.s.web.servlet.DispatcherServlet        : Completed initialization in 3 ms
[9/28/23, 20:45:45:388 CDT] 00000045 com.ibm.ws.webcontainer.servlet                              I SRVE0242I: [LogsViewer-0.0.1-SNAPSHOT] [/LogsViewer] [dispatcherServlet]: Initialization successful.
